#
# A fatal error has been detected by the Java Runtime Environment:
#
#  EXCEPTION_ACCESS_VIOLATION (0xc0000005) at pc=0x000007fa602d3837, pid=480, tid=3896
#
# JRE version: 7.0_17-b02
# Java VM: Java HotSpot(TM) 64-Bit Server VM (23.7-b01 mixed mode windows-amd64 compressed oops)
# Problematic frame:
# C  [amdocl64.dll+0x493837]  clGetSamplerInfo+0x5407
#
# Failed to write core dump. Minidumps are not enabled by default on client versions of Windows
#
# If you would like to submit a bug report, please visit:
#   http://bugreport.sun.com/bugreport/crash.jsp
# The crash happened outside the Java Virtual Machine in native code.
# See problematic frame for where to report the bug.
#

---------------  T H R E A D  ---------------

Current thread (0x000000001547f000):  JavaThread "pool-1-thread-3" [_thread_in_native, id=3896, stack(0x000000001d1d0000,0x000000001d2d0000)]

siginfo: ExceptionCode=0xc0000005, reading address 0x0000000000000008

Registers:
RAX=0x0000000000000001, RBX=0x0000000000000000, RCX=0x0000000000000000, RDX=0x0000000000000001
RSP=0x000000001d2ce890, RBP=0x000000001d2ce9e0, RSI=0x000000001fe9a2f0, RDI=0x0000000019752420
R8 =0x000000001fe9a2d0, R9 =0x000000001d2ce9e0, R10=0x0000000000000000, R11=0x0000000000000004
R12=0x0000000000000000, R13=0x00000006fbefaad8, R14=0x000000001d2cea18, R15=0x000000001547f000
RIP=0x000007fa602d3837, EFLAGS=0x0000000000010246

Top of Stack: (sp=0x000000001d2ce890)
0x000000001d2ce890:   0000000000000001 000000001d2ce800
0x000000001d2ce8a0:   000000001d2ce800 000000005a17b500
0x000000001d2ce8b0:   fffffffffffffffe 000007fa602d31fd
0x000000001d2ce8c0:   0000000019752420 000007fa602d3894
0x000000001d2ce8d0:   0000000019752420 0000000000000001
0x000000001d2ce8e0:   0000000000000008 000000005a06dc66
0x000000001d2ce8f0:   0000000019752420 000007fa602d2dbf
0x000000001d2ce900:   0000000000000000 0000000000000000
0x000000001d2ce910:   00000000df7dd4e5 0000000002e36374
0x000000001d2ce920:   000000001c423500 000007fa602b1b99
0x000000001d2ce930:   0000000019752430 000000001547f000
0x000000001d2ce940:   000000001d2ce9e0 0000000014f089e8
0x000000001d2ce950:   0000000002e36374 0000000002e423a8
0x000000001d2ce960:   00000006fbefaad8 00000000df7dd4e5
0x000000001d2ce970:   000000001d2ce970 00000006fbe94cb0
0x000000001d2ce980:   000000001d2ce9c0 00000006fbec0fc8 

Instructions: (pc=0x000007fa602d3837)
0x000007fa602d3817:   e8 74 f5 ff ff 90 48 8b 9f b0 00 00 00 48 8b b7
0x000007fa602d3827:   b8 00 00 00 48 3b de 74 15 48 83 e3 e0 48 8b cb
0x000007fa602d3837:   48 8b 5b 08 e8 70 f6 ff ff 48 3b de 75 eb 48 83
0x000007fa602d3847:   e3 e0 48 8b cb e8 5f f6 ff ff 90 48 8d 4f 20 e8 


Register to memory mapping:

RAX=0x0000000000000001 is an unknown value
RBX=0x0000000000000000 is an unknown value
RCX=0x0000000000000000 is an unknown value
RDX=0x0000000000000001 is an unknown value
RSP=0x000000001d2ce890 is pointing into the stack for thread: 0x000000001547f000
RBP=0x000000001d2ce9e0 is pointing into the stack for thread: 0x000000001547f000
RSI=0x000000001fe9a2f0 is an unknown value
RDI=0x0000000019752420 is an unknown value
R8 =0x000000001fe9a2d0 is an unknown value
R9 =0x000000001d2ce9e0 is pointing into the stack for thread: 0x000000001547f000
R10=0x0000000000000000 is an unknown value
R11=0x0000000000000004 is an unknown value
R12=0x0000000000000000 is an unknown value
R13=0x00000006fbefaad8 is an oop
{method} 
 - klass: {other class}
R14=0x000000001d2cea18 is pointing into the stack for thread: 0x000000001547f000
R15=0x000000001547f000 is a thread


Stack: [0x000000001d1d0000,0x000000001d2d0000],  sp=0x000000001d2ce890,  free space=1018k
Native frames: (J=compiled Java code, j=interpreted, Vv=VM code, C=native code)
C  [amdocl64.dll+0x493837]  clGetSamplerInfo+0x5407
j  org.lwjgl.opencl.CL10.clReleaseCommandQueue(Lorg/lwjgl/opencl/CLCommandQueue;)I+17
j  chalmers.dax021308.ecosystem.model.agent.MultipleAgentMutualKernel.destroyCL()V+3
j  chalmers.dax021308.ecosystem.model.agent.MultipleAgentMutualKernel.executeMutualKernel()V+492
j  chalmers.dax021308.ecosystem.model.population.AbstractPopulation.calculateMultipleAgentMutualInteractionForce(II)V+309
j  chalmers.dax021308.ecosystem.model.population.AbstractPopulation.update(II)V+3
j  chalmers.dax021308.ecosystem.model.environment.SquareEnvironment2$PopulationWorker.run()V+12
j  java.util.concurrent.Executors$RunnableAdapter.call()Ljava/lang/Object;+4
j  java.util.concurrent.FutureTask$Sync.innerRun()V+29
j  java.util.concurrent.FutureTask.run()V+4
j  java.util.concurrent.ThreadPoolExecutor.runWorker(Ljava/util/concurrent/ThreadPoolExecutor$Worker;)V+95
j  java.util.concurrent.ThreadPoolExecutor$Worker.run()V+5
j  java.lang.Thread.run()V+11
v  ~StubRoutines::call_stub

Java frames: (J=compiled Java code, j=interpreted, Vv=VM code)
j  org.lwjgl.opencl.CL10.nclReleaseCommandQueue(JJ)I+0
j  org.lwjgl.opencl.CL10.clReleaseCommandQueue(Lorg/lwjgl/opencl/CLCommandQueue;)I+17
j  chalmers.dax021308.ecosystem.model.agent.MultipleAgentMutualKernel.destroyCL()V+3
j  chalmers.dax021308.ecosystem.model.agent.MultipleAgentMutualKernel.executeMutualKernel()V+492
j  chalmers.dax021308.ecosystem.model.population.AbstractPopulation.calculateMultipleAgentMutualInteractionForce(II)V+309
j  chalmers.dax021308.ecosystem.model.population.AbstractPopulation.update(II)V+3
j  chalmers.dax021308.ecosystem.model.environment.SquareEnvironment2$PopulationWorker.run()V+12
j  java.util.concurrent.Executors$RunnableAdapter.call()Ljava/lang/Object;+4
j  java.util.concurrent.FutureTask$Sync.innerRun()V+29
j  java.util.concurrent.FutureTask.run()V+4
j  java.util.concurrent.ThreadPoolExecutor.runWorker(Ljava/util/concurrent/ThreadPoolExecutor$Worker;)V+95
j  java.util.concurrent.ThreadPoolExecutor$Worker.run()V+5
j  java.lang.Thread.run()V+11
v  ~StubRoutines::call_stub

---------------  P R O C E S S  ---------------

Java Threads: ( => current thread )
=>0x000000001547f000 JavaThread "pool-1-thread-3" [_thread_in_native, id=3896, stack(0x000000001d1d0000,0x000000001d2d0000)]
  0x000000001547e800 JavaThread "pool-1-thread-2" [_thread_in_native, id=5280, stack(0x000000001d0d0000,0x000000001d1d0000)]
  0x000000001547a800 JavaThread "pool-1-thread-1" [_thread_blocked, id=2468, stack(0x000000001cfd0000,0x000000001d0d0000)]
  0x000000001547b800 JavaThread "pool-2-thread-1" [_thread_blocked, id=508, stack(0x0000000019c90000,0x0000000019d90000)]
  0x000000001b321000 JavaThread "Timer-3" [_thread_blocked, id=6248, stack(0x0000000019b90000,0x0000000019c90000)]
  0x0000000002bae000 JavaThread "DestroyJavaVM" [_thread_blocked, id=948, stack(0x0000000002c20000,0x0000000002d20000)]
  0x000000001b38b000 JavaThread "Timer-2" [_thread_blocked, id=1128, stack(0x000000001c290000,0x000000001c390000)]
  0x0000000015478800 JavaThread "Timer-1" [_thread_blocked, id=5404, stack(0x000000001c190000,0x000000001c290000)]
  0x0000000015477800 JavaThread "TimerQueue" daemon [_thread_blocked, id=6304, stack(0x000000001b0c0000,0x000000001b1c0000)]
  0x0000000014ed2800 JavaThread "D3D Screen Updater" daemon [_thread_blocked, id=3700, stack(0x00000000159c0000,0x0000000015ac0000)]
  0x00000000142f0800 JavaThread "Image Fetcher 0" daemon [_thread_blocked, id=1164, stack(0x00000000155f0000,0x00000000156f0000)]
  0x0000000014d1f800 JavaThread "AWT-EventQueue-0" [_thread_blocked, id=6964, stack(0x00000000154f0000,0x00000000155f0000)]
  0x0000000014176800 JavaThread "Timer-0" [_thread_blocked, id=6572, stack(0x0000000015cd0000,0x0000000015dd0000)]
  0x00000000140dc000 JavaThread "AWT-Windows" daemon [_thread_in_native, id=6404, stack(0x00000000149a0000,0x0000000014aa0000)]
  0x00000000140db000 JavaThread "AWT-Shutdown" [_thread_blocked, id=1832, stack(0x00000000148a0000,0x00000000149a0000)]
  0x00000000140da800 JavaThread "Java2D Disposer" daemon [_thread_blocked, id=6216, stack(0x00000000147a0000,0x00000000148a0000)]
  0x00000000119c4000 JavaThread "Service Thread" daemon [_thread_blocked, id=1468, stack(0x0000000013dd0000,0x0000000013ed0000)]
  0x00000000119bf800 JavaThread "C2 CompilerThread1" daemon [_thread_blocked, id=4572, stack(0x0000000013cd0000,0x0000000013dd0000)]
  0x00000000119ba800 JavaThread "C2 CompilerThread0" daemon [_thread_blocked, id=36, stack(0x0000000013bd0000,0x0000000013cd0000)]
  0x00000000119b9000 JavaThread "Attach Listener" daemon [_thread_blocked, id=7012, stack(0x0000000013ad0000,0x0000000013bd0000)]
  0x00000000119b4000 JavaThread "Signal Dispatcher" daemon [_thread_blocked, id=6624, stack(0x00000000139d0000,0x0000000013ad0000)]
  0x000000001194e000 JavaThread "Finalizer" daemon [_thread_blocked, id=4032, stack(0x00000000138d0000,0x00000000139d0000)]
  0x0000000011946800 JavaThread "Reference Handler" daemon [_thread_blocked, id=6344, stack(0x00000000137d0000,0x00000000138d0000)]

Other Threads:
  0x0000000011941800 VMThread [stack: 0x00000000136d0000,0x00000000137d0000] [id=3836]
  0x00000000119e0800 WatcherThread [stack: 0x0000000013ed0000,0x0000000013fd0000] [id=3992]

VM state:not at safepoint (normal execution)

VM Mutex/Monitor currently owned by a thread: None

Heap
 PSYoungGen      total 152896K, used 44573K [0x00000007aaab0000, 0x00000007b5550000, 0x0000000800000000)
  eden space 131072K, 34% used [0x00000007aaab0000,0x00000007ad6376b8,0x00000007b2ab0000)
  from space 21824K, 0% used [0x00000007b4000000,0x00000007b4000000,0x00000007b5550000)
  to   space 21824K, 0% used [0x00000007b2ab0000,0x00000007b2ab0000,0x00000007b4000000)
 ParOldGen       total 349568K, used 0K [0x0000000700000000, 0x0000000715560000, 0x00000007aaab0000)
  object space 349568K, 0% used [0x0000000700000000,0x0000000700000000,0x0000000715560000)
 PSPermGen       total 21248K, used 17749K [0x00000006fae00000, 0x00000006fc2c0000, 0x0000000700000000)
  object space 21248K, 83% used [0x00000006fae00000,0x00000006fbf555a8,0x00000006fc2c0000)

Card table byte_map: [0x0000000005ef0000,0x0000000006720000] byte_map_base: 0x0000000002719000

Polling page: 0x0000000002b80000

Code Cache  [0x0000000002e30000, 0x00000000030a0000, 0x0000000005e30000)
 total_blobs=777 nmethods=74 adapters=654 free_code_cache=48372Kb largest_free_block=49509824

Compilation events (10 events):
Event: 2.592 Thread 0x00000000119ba800 nmethod 67 0x0000000002ef1c10 code [0x0000000002ef1d40, 0x0000000002ef1d98]
Event: 2.593 Thread 0x00000000119bf800 nmethod 68 0x0000000002ef1950 code [0x0000000002ef1aa0, 0x0000000002ef1b48]
Event: 2.593 Thread 0x00000000119ba800   69             java.util.ArrayList::add (29 bytes)
Event: 2.593 Thread 0x00000000119bf800   70             java.util.AbstractList::<init> (10 bytes)
Event: 2.594 Thread 0x00000000119bf800 nmethod 70 0x0000000002ef1750 code [0x0000000002ef1880, 0x0000000002ef18d8]
Event: 2.594 Thread 0x00000000119ba800 nmethod 69 0x0000000002ef1350 code [0x0000000002ef14a0, 0x0000000002ef15e8]
Event: 2.600 Thread 0x00000000119bf800   71   !         sun.awt.AppContext::get (121 bytes)
Event: 2.601 Thread 0x00000000119ba800   72             java.awt.Component::getTreeLock (4 bytes)
Event: 2.601 Thread 0x00000000119ba800 nmethod 72 0x0000000002ef3bd0 code [0x0000000002ef3d00, 0x0000000002ef3d78]
Event: 2.608 Thread 0x00000000119bf800 nmethod 71 0x0000000002ef4610 code [0x0000000002ef4780, 0x0000000002ef5008]

GC Heap History (0 events):
No events

Deoptimization events (5 events):
Event: 1.009 Thread 0x0000000002bae000 Uncommon trap -83 fr.pc 0x0000000002ec228c
Event: 1.047 Thread 0x0000000014d1f800 Uncommon trap -34 fr.pc 0x0000000002ea1dd0
Event: 1.047 Thread 0x0000000014d1f800 Uncommon trap -34 fr.pc 0x0000000002ea1dd0
Event: 1.047 Thread 0x0000000014d1f800 Uncommon trap -34 fr.pc 0x0000000002ea1dd0
Event: 1.047 Thread 0x0000000014d1f800 Uncommon trap -34 fr.pc 0x0000000002ea1dd0

Internal exceptions (10 events):
Event: 2.586 Thread 0x0000000014d1f800 Threw 0x00000007ac9f8040 at C:\jdk7u2_64p\jdk7u17\hotspot\src\share\vm\prims\jvm.cpp:1166
Event: 2.588 Thread 0x0000000014d1f800 Threw 0x00000007aca58810 at C:\jdk7u2_64p\jdk7u17\hotspot\src\share\vm\prims\jvm.cpp:1166
Event: 2.588 Thread 0x0000000014d1f800 Threw 0x00000007aca82518 at C:\jdk7u2_64p\jdk7u17\hotspot\src\share\vm\prims\jvm.cpp:1166
Event: 2.594 Thread 0x0000000014d1f800 Threw 0x00000007acbf7798 at C:\jdk7u2_64p\jdk7u17\hotspot\src\share\vm\prims\jvm.cpp:1166
Event: 2.594 Thread 0x0000000014d1f800 Threw 0x00000007acbfbfe8 at C:\jdk7u2_64p\jdk7u17\hotspot\src\share\vm\prims\jvm.cpp:1166
Event: 2.594 Thread 0x0000000014d1f800 Threw 0x00000007acbfdd08 at C:\jdk7u2_64p\jdk7u17\hotspot\src\share\vm\prims\jvm.cpp:1166
Event: 2.595 Thread 0x0000000014d1f800 Threw 0x00000007acbff938 at C:\jdk7u2_64p\jdk7u17\hotspot\src\share\vm\prims\jvm.cpp:1166
Event: 2.596 Thread 0x0000000014d1f800 Threw 0x00000007acc02208 at C:\jdk7u2_64p\jdk7u17\hotspot\src\share\vm\prims\jvm.cpp:1166
Event: 2.597 Thread 0x0000000014d1f800 Threw 0x00000007acc04a40 at C:\jdk7u2_64p\jdk7u17\hotspot\src\share\vm\prims\jvm.cpp:1166
Event: 2.598 Thread 0x000000001547f000 Threw 0x00000007ad3a85e0 at C:\jdk7u2_64p\jdk7u17\hotspot\src\share\vm\prims\jvm.cpp:1166

Events (10 events):
Event: 2.598 loading class 0x000000001b20a740 done
Event: 2.598 Thread 0x000000001547a800 Thread added: 0x000000001547a800
Event: 2.598 Thread 0x000000001547e800 Thread added: 0x000000001547e800
Event: 2.598 Thread 0x000000001547f000 Thread added: 0x000000001547f000
Event: 2.598 loading class 0x000000001b2f9420
Event: 2.598 loading class 0x000000001b2f9420 done
Event: 2.600 loading class 0x0000000014118140
Event: 2.600 loading class 0x0000000014118140 done
Event: 2.601 loading class 0x00000000140f91f0
Event: 2.601 loading class 0x00000000140f91f0 done


Dynamic libraries:
0x000007f7047d0000 - 0x000007f704803000 	C:\Program Files\Java\jre7\bin\javaw.exe
0x000007fa82270000 - 0x000007fa8242e000 	C:\Windows\SYSTEM32\ntdll.dll
0x000007fa81e10000 - 0x000007fa81f46000 	C:\Windows\system32\KERNEL32.DLL
0x000007fa7f320000 - 0x000007fa7f413000 	C:\Windows\system32\KERNELBASE.dll
0x000007fa81f50000 - 0x000007fa8202e000 	C:\Windows\system32\ADVAPI32.dll
0x000007fa81280000 - 0x000007fa813cc000 	C:\Windows\system32\USER32.dll
0x000007fa7cc00000 - 0x000007fa7ce69000 	C:\Windows\WinSxS\amd64_microsoft.windows.common-controls_6595b64144ccf1df_6.0.9200.16384_none_418c2a697189c07f\COMCTL32.dll
0x000007fa80d20000 - 0x000007fa80dc5000 	C:\Windows\system32\msvcrt.dll
0x000007fa80cd0000 - 0x000007fa80d18000 	C:\Windows\SYSTEM32\sechost.dll
0x000007fa81b00000 - 0x000007fa81c40000 	C:\Windows\system32\RPCRT4.dll
0x000007fa7f850000 - 0x000007fa7f990000 	C:\Windows\system32\GDI32.dll
0x000007fa7f700000 - 0x000007fa7f739000 	C:\Windows\system32\IMM32.DLL
0x000007fa80dd0000 - 0x000007fa80ee5000 	C:\Windows\system32\MSCTF.dll
0x000000005a710000 - 0x000000005a7e1000 	C:\Program Files\Java\jre7\bin\msvcr100.dll
0x0000000059ff0000 - 0x000000005a70f000 	C:\Program Files\Java\jre7\bin\server\jvm.dll
0x000007fa7b200000 - 0x000007fa7b209000 	C:\Windows\SYSTEM32\WSOCK32.dll
0x000007fa79940000 - 0x000007fa79960000 	C:\Windows\SYSTEM32\WINMM.dll
0x000007fa7f6e0000 - 0x000007fa7f6e7000 	C:\Windows\system32\PSAPI.DLL
0x000007fa7f740000 - 0x000007fa7f798000 	C:\Windows\system32\WS2_32.dll
0x000007fa79900000 - 0x000007fa79932000 	C:\Windows\SYSTEM32\WINMMBASE.dll
0x000007fa80ef0000 - 0x000007fa80ef9000 	C:\Windows\system32\NSI.dll
0x0000000059fe0000 - 0x0000000059fef000 	C:\Program Files\Java\jre7\bin\verify.dll
0x0000000059fb0000 - 0x0000000059fd8000 	C:\Program Files\Java\jre7\bin\java.dll
0x0000000059f90000 - 0x0000000059fa5000 	C:\Program Files\Java\jre7\bin\zip.dll
0x0000000059bf0000 - 0x0000000059d83000 	C:\Program Files\Java\jre7\bin\awt.dll
0x000007fa81860000 - 0x000007fa81923000 	C:\Windows\system32\OLEAUT32.dll
0x000007fa813d0000 - 0x000007fa81580000 	C:\Windows\system32\combase.dll
0x000007fa7b210000 - 0x000007fa7b2af000 	C:\Windows\system32\apphelp.dll
0x000007fa7e030000 - 0x000007fa7e113000 	C:\Windows\system32\uxtheme.dll
0x000007fa7d6a0000 - 0x000007fa7d6c1000 	C:\Windows\SYSTEM32\dwmapi.dll
0x000007fa80f00000 - 0x000007fa8107e000 	C:\Windows\system32\ole32.dll
0x000007fa7f0c0000 - 0x000007fa7f0ca000 	C:\Windows\SYSTEM32\CRYPTBASE.dll
0x000007fa7f060000 - 0x000007fa7f0bc000 	C:\Windows\SYSTEM32\bcryptPrimitives.dll
0x000007fa7f9e0000 - 0x000007fa80cc8000 	C:\Windows\system32\SHELL32.dll
0x000007fa7f990000 - 0x000007fa7f9e0000 	C:\Windows\system32\SHLWAPI.dll
0x000007fa7d5c0000 - 0x000007fa7d656000 	C:\Windows\SYSTEM32\shcore.dll
0x000007fa67ef0000 - 0x000007fa680f0000 	C:\Windows\system32\d3d9.dll
0x000007fa7ae20000 - 0x000007fa7ae29000 	C:\Windows\SYSTEM32\VERSION.dll
0x000007fa7ae30000 - 0x000007fa7af4e000 	C:\Windows\SYSTEM32\aticfx64.dll
0x000007fa71900000 - 0x000007fa7191f000 	C:\Windows\SYSTEM32\atiu9p64.dll
0x000007fa67850000 - 0x000007fa67ee8000 	C:\Windows\SYSTEM32\atiumd64.dll
0x000000005a7f0000 - 0x000000005acda000 	C:\Windows\SYSTEM32\atiumd6a.dll
0x0000000059bb0000 - 0x0000000059be4000 	C:\Program Files\Java\jre7\bin\fontmanager.dll
0x0000000059f70000 - 0x0000000059f89000 	C:\Program Files\Java\jre7\bin\net.dll
0x000007fa7ead0000 - 0x000007fa7eb2c000 	C:\Windows\system32\mswsock.dll
0x0000000059f50000 - 0x0000000059f61000 	C:\Program Files\Java\jre7\bin\nio.dll
0x0000000059b60000 - 0x0000000059ba1000 	C:\Program Files\Java\jre7\bin\t2k.dll
0x000007fa81580000 - 0x000007fa81616000 	C:\Windows\SYSTEM32\clbcatq.dll
0x000007fa7d1c0000 - 0x000007fa7d34a000 	C:\Windows\SYSTEM32\WindowsCodecs.dll
0x000007fa7f1a0000 - 0x000007fa7f1b5000 	C:\Windows\SYSTEM32\profapi.dll
0x0000000015be0000 - 0x0000000015c3a000 	C:\Users\Erik\Documents\GitHub\Simulated-ecosystem\lib\jogl-1.1.1-windows-amd64\lib\jogl.dll
0x000007fa620c0000 - 0x000007fa621df000 	C:\Windows\SYSTEM32\OPENGL32.dll
0x000000005b0c0000 - 0x000000005b189000 	C:\Windows\WinSxS\amd64_microsoft.vc80.crt_1fc8b3b9a1e18e3b_8.0.50727.6910_none_88dc8c812fb1ba3f\MSVCR80.dll
0x000007fa71b90000 - 0x000007fa71bbc000 	C:\Windows\SYSTEM32\GLU32.dll
0x000007fa61fd0000 - 0x000007fa620ba000 	C:\Windows\SYSTEM32\DDRAW.dll
0x000007fa77940000 - 0x000007fa77948000 	C:\Windows\SYSTEM32\DCIMAN32.dll
0x0000000059b50000 - 0x0000000059b57000 	C:\Program Files\Java\jre7\bin\jawt.dll
0x0000000015c50000 - 0x0000000015c57000 	C:\Users\Erik\Documents\GitHub\Simulated-ecosystem\lib\jogl-1.1.1-windows-amd64\lib\jogl_awt.dll
0x000007fa769f0000 - 0x000007fa769f9000 	C:\Windows\SYSTEM32\atig6pxx.dll
0x0000000058460000 - 0x0000000059b43000 	C:\Windows\SYSTEM32\atio6axx.dll
0x000007fa81c40000 - 0x000007fa81e10000 	C:\Windows\system32\SETUPAPI.dll
0x000007fa7f690000 - 0x000007fa7f6df000 	C:\Windows\system32\CFGMGR32.dll
0x000007fa7f660000 - 0x000007fa7f682000 	C:\Windows\system32\DEVOBJ.dll
0x000007fa7c6b0000 - 0x000007fa7c756000 	C:\Windows\SYSTEM32\atiadlxx.dll
0x000007fa7e860000 - 0x000007fa7e87f000 	C:\Windows\SYSTEM32\USERENV.dll
0x000007fa7e580000 - 0x000007fa7e591000 	C:\Windows\SYSTEM32\WTSAPI32.dll
0x000007fa7c680000 - 0x000007fa7c6aa000 	C:\Windows\SYSTEM32\IPHLPAPI.DLL
0x000007fa7c670000 - 0x000007fa7c67a000 	C:\Windows\SYSTEM32\WINNSI.DLL
0x000007fa7f420000 - 0x000007fa7f475000 	C:\Windows\system32\WINTRUST.dll
0x000007fa7f480000 - 0x000007fa7f657000 	C:\Windows\system32\CRYPT32.dll
0x000007fa7f250000 - 0x000007fa7f266000 	C:\Windows\system32\MSASN1.dll
0x000007fa75510000 - 0x000007fa7551e000 	C:\Windows\SYSTEM32\atig6txx.dll
0x0000000180000000 - 0x0000000180050000 	C:\Users\Erik\Documents\GitHub\Simulated-ecosystem\lib\lwjgl-2.8.5\native\windows\lwjgl64.dll
0x000007fa71b70000 - 0x000007fa71b83000 	C:\Windows\SYSTEM32\OpenCL.dll
0x000007fa5fe40000 - 0x000007fa61fc1000 	C:\Windows\SYSTEM32\amdocl64.dll
0x000007fa651e0000 - 0x000007fa65343000 	C:\Windows\SYSTEM32\dbghelp.dll

VM Arguments:
jvm_args: -Djava.library.path=lib/jogl-1.1.1-windows-amd64/lib;lib/aparapi_win64_86;lib\lwjgl-2.8.5\native\windows -Xms512m -Xmx4096m -Dfile.encoding=Cp1252 
java_command: chalmers.dax021308.ecosystem.main.EcosystemInitializer
Launcher Type: SUN_STANDARD

Environment Variables:
PATH=C:\Program Files (x86)\AMD APP\bin\x86_64;C:\Program Files (x86)\AMD APP\bin\x86;C:\Windows\system32;C:\Windows;C:\Windows\System32\Wbem;C:\Windows\System32\WindowsPowerShell\v1.0\;C:\Program Files (x86)\ATI Technologies\ATI.ACE\Core-Static;C:\Program Files (x86)\Microsoft SQL Server\100\Tools\Binn\;C:\Program Files\Microsoft SQL Server\100\Tools\Binn\;C:\Program Files\Microsoft SQL Server\100\DTS\Binn\;C:\Program Files\Java\jdk1.7.0_10\bin;C:\Program Files\Java\jdk1.7.0_10\;C:/Program Files/Java/jdk1.7.0_17
USERNAME=Erik
OS=Windows_NT
PROCESSOR_IDENTIFIER=Intel64 Family 6 Model 30 Stepping 5, GenuineIntel



---------------  S Y S T E M  ---------------

OS: Windows 8 , 64 bit Build 9200 

CPU:total 8 (4 cores per cpu, 2 threads per core) family 6 model 30 stepping 5, cmov, cx8, fxsr, mmx, sse, sse2, sse3, ssse3, sse4.1, sse4.2, popcnt, ht, tsc, tscinvbit

Memory: 4k page, physical 8379820k(5376532k free), swap 8904108k(4498712k free)

vm_info: Java HotSpot(TM) 64-Bit Server VM (23.7-b01) for windows-amd64 JRE (1.7.0_17-b02), built on Mar  1 2013 03:38:30 by "java_re" with unknown MS VC++:1600

time: Mon Apr 01 00:58:13 2013
elapsed time: 2 seconds

