#
# A fatal error has been detected by the Java Runtime Environment:
#
#  EXCEPTION_ACCESS_VIOLATION (0xc0000005) at pc=0x000007fa604a3837, pid=5924, tid=3468
#
# JRE version: 7.0_17-b02
# Java VM: Java HotSpot(TM) 64-Bit Server VM (23.7-b01 mixed mode windows-amd64 compressed oops)
# Problematic frame:
# C  [amdocl64.dll+0x493837]  clGetSamplerInfo+0x5407
#
# Failed to write core dump. Minidumps are not enabled by default on client versions of Windows
#
# If you would like to submit a bug report, please visit:
#   http://bugreport.sun.com/bugreport/crash.jsp
# The crash happened outside the Java Virtual Machine in native code.
# See problematic frame for where to report the bug.
#

---------------  T H R E A D  ---------------

Current thread (0x0000000018aaf800):  JavaThread "pool-1-thread-2" [_thread_in_native, id=3468, stack(0x00000000212f0000,0x00000000213f0000)]

siginfo: ExceptionCode=0xc0000005, reading address 0x0000000000000008

Registers:
RAX=0x0000000000000001, RBX=0x0000000000000000, RCX=0x0000000000000000, RDX=0x0000000000000001
RSP=0x00000000213ef140, RBP=0x00000000213ef298, RSI=0x000000001ff505f2, RDI=0x000000001cb3f880
R8 =0x000000001ff505c0, R9 =0x00000000213ef298, R10=0x0000000000000000, R11=0x0000000000000004
R12=0x0000000000000000, R13=0x00000006fbefa738, R14=0x00000000213ef2d0, R15=0x0000000018aaf800
RIP=0x000007fa604a3837, EFLAGS=0x0000000000010246

Top of Stack: (sp=0x00000000213ef140)
0x00000000213ef140:   0000000000000001 00000000213ef100
0x00000000213ef150:   00000000213ef100 000000005a17b500
0x00000000213ef160:   fffffffffffffffe 000007fa604a31fd
0x00000000213ef170:   000000001cb3f880 000007fa604a3894
0x00000000213ef180:   000000001cb3f880 0000000000000001
0x00000000213ef190:   0000000000000008 000000005a06dc66
0x00000000213ef1a0:   000000001cb3f880 000007fa604a2dbf
0x00000000213ef1b0:   0000000000000000 0000000000000000
0x00000000213ef1c0:   00000000df7dd471 0000000002956374
0x00000000213ef1d0:   000000001bf1f010 000007fa60481b99
0x00000000213ef1e0:   000000001cb3f890 0000000018aaf800
0x00000000213ef1f0:   00000000213ef298 00000000029564f0
0x00000000213ef200:   0000000002956374 00000000029623a8
0x00000000213ef210:   00000006fbefa738 00000000df7dd471
0x00000000213ef220:   00000000fffffffe 00000000213ef228
0x00000000213ef230:   00000006fbe94a08 00000000213ef278 

Instructions: (pc=0x000007fa604a3837)
0x000007fa604a3817:   e8 74 f5 ff ff 90 48 8b 9f b0 00 00 00 48 8b b7
0x000007fa604a3827:   b8 00 00 00 48 3b de 74 15 48 83 e3 e0 48 8b cb
0x000007fa604a3837:   48 8b 5b 08 e8 70 f6 ff ff 48 3b de 75 eb 48 83
0x000007fa604a3847:   e3 e0 48 8b cb e8 5f f6 ff ff 90 48 8d 4f 20 e8 


Register to memory mapping:

RAX=0x0000000000000001 is an unknown value
RBX=0x0000000000000000 is an unknown value
RCX=0x0000000000000000 is an unknown value
RDX=0x0000000000000001 is an unknown value
RSP=0x00000000213ef140 is pointing into the stack for thread: 0x0000000018aaf800
RBP=0x00000000213ef298 is pointing into the stack for thread: 0x0000000018aaf800
RSI=0x000000001ff505f2 is an unknown value
RDI=0x000000001cb3f880 is an unknown value
R8 =0x000000001ff505c0 is an unknown value
R9 =0x00000000213ef298 is pointing into the stack for thread: 0x0000000018aaf800
R10=0x0000000000000000 is an unknown value
R11=0x0000000000000004 is an unknown value
R12=0x0000000000000000 is an unknown value
R13=0x00000006fbefa738 is an oop
{method} 
 - klass: {other class}
R14=0x00000000213ef2d0 is pointing into the stack for thread: 0x0000000018aaf800
R15=0x0000000018aaf800 is a thread


Stack: [0x00000000212f0000,0x00000000213f0000],  sp=0x00000000213ef140,  free space=1020k
Native frames: (J=compiled Java code, j=interpreted, Vv=VM code, C=native code)
C  [amdocl64.dll+0x493837]  clGetSamplerInfo+0x5407
j  org.lwjgl.opencl.CL10.clReleaseCommandQueue(Lorg/lwjgl/opencl/CLCommandQueue;)I+17
j  chalmers.dax021308.ecosystem.model.agent.MultipleAgentMutualKernel.destroyCL()V+3
j  chalmers.dax021308.ecosystem.model.agent.MultipleAgentMutualKernel.executeMutualKernel()V+504
j  chalmers.dax021308.ecosystem.model.population.AbstractPopulation.calculateMultipleAgentMutualInteractionForce(II)V+309
j  chalmers.dax021308.ecosystem.model.population.AbstractPopulation.update(II)V+3
j  chalmers.dax021308.ecosystem.model.environment.SquareEnvironment2$PopulationWorker.run()V+12
j  java.util.concurrent.Executors$RunnableAdapter.call()Ljava/lang/Object;+4
j  java.util.concurrent.FutureTask$Sync.innerRun()V+29
j  java.util.concurrent.FutureTask.run()V+4
j  java.util.concurrent.ThreadPoolExecutor.runWorker(Ljava/util/concurrent/ThreadPoolExecutor$Worker;)V+95
j  java.util.concurrent.ThreadPoolExecutor$Worker.run()V+5
j  java.lang.Thread.run()V+11
v  ~StubRoutines::call_stub

Java frames: (J=compiled Java code, j=interpreted, Vv=VM code)
j  org.lwjgl.opencl.CL10.nclReleaseCommandQueue(JJ)I+0
j  org.lwjgl.opencl.CL10.clReleaseCommandQueue(Lorg/lwjgl/opencl/CLCommandQueue;)I+17
j  chalmers.dax021308.ecosystem.model.agent.MultipleAgentMutualKernel.destroyCL()V+3
j  chalmers.dax021308.ecosystem.model.agent.MultipleAgentMutualKernel.executeMutualKernel()V+504
j  chalmers.dax021308.ecosystem.model.population.AbstractPopulation.calculateMultipleAgentMutualInteractionForce(II)V+309
j  chalmers.dax021308.ecosystem.model.population.AbstractPopulation.update(II)V+3
j  chalmers.dax021308.ecosystem.model.environment.SquareEnvironment2$PopulationWorker.run()V+12
j  java.util.concurrent.Executors$RunnableAdapter.call()Ljava/lang/Object;+4
j  java.util.concurrent.FutureTask$Sync.innerRun()V+29
j  java.util.concurrent.FutureTask.run()V+4
j  java.util.concurrent.ThreadPoolExecutor.runWorker(Ljava/util/concurrent/ThreadPoolExecutor$Worker;)V+95
j  java.util.concurrent.ThreadPoolExecutor$Worker.run()V+5
j  java.lang.Thread.run()V+11
v  ~StubRoutines::call_stub

---------------  P R O C E S S  ---------------

Java Threads: ( => current thread )
  0x0000000018aad000 JavaThread "pool-1-thread-3" [_thread_in_native, id=1772, stack(0x00000000213f0000,0x00000000214f0000)]
=>0x0000000018aaf800 JavaThread "pool-1-thread-2" [_thread_in_native, id=3468, stack(0x00000000212f0000,0x00000000213f0000)]
  0x0000000018aae800 JavaThread "pool-1-thread-1" [_thread_blocked, id=6728, stack(0x000000001cf90000,0x000000001d090000)]
  0x0000000018aac000 JavaThread "pool-2-thread-1" [_thread_blocked, id=4676, stack(0x000000001ce90000,0x000000001cf90000)]
  0x000000001a038800 JavaThread "Timer-3" [_thread_blocked, id=840, stack(0x000000001cd90000,0x000000001ce90000)]
  0x000000000294e000 JavaThread "DestroyJavaVM" [_thread_blocked, id=7108, stack(0x0000000002660000,0x0000000002760000)]
  0x000000001a025800 JavaThread "TimerQueue" daemon [_thread_blocked, id=6960, stack(0x0000000015560000,0x0000000015660000)]
  0x000000001a06b000 JavaThread "Timer-2" [_thread_blocked, id=5484, stack(0x0000000015460000,0x0000000015560000)]
  0x000000001906e800 JavaThread "Timer-1" [_thread_blocked, id=2812, stack(0x0000000015360000,0x0000000015460000)]
  0x0000000018a8e000 JavaThread "D3D Screen Updater" daemon [_thread_blocked, id=424, stack(0x00000000194d0000,0x00000000195d0000)]
  0x00000000188f5800 JavaThread "Image Fetcher 0" daemon [_thread_blocked, id=872, stack(0x0000000019170000,0x0000000019270000)]
  0x00000000188da800 JavaThread "AWT-EventQueue-0" [_thread_blocked, id=708, stack(0x0000000019070000,0x0000000019170000)]
  0x0000000013c65800 JavaThread "Timer-0" [_thread_blocked, id=4256, stack(0x00000000157b0000,0x00000000158b0000)]
  0x0000000013bcb000 JavaThread "AWT-Windows" daemon [_thread_in_native, id=1476, stack(0x0000000014490000,0x0000000014590000)]
  0x0000000013bca000 JavaThread "AWT-Shutdown" [_thread_blocked, id=2528, stack(0x0000000014390000,0x0000000014490000)]
  0x0000000013bc9800 JavaThread "Java2D Disposer" daemon [_thread_blocked, id=4092, stack(0x0000000014290000,0x0000000014390000)]
  0x00000000114b3800 JavaThread "Service Thread" daemon [_thread_blocked, id=1032, stack(0x00000000138c0000,0x00000000139c0000)]
  0x00000000114b1000 JavaThread "C2 CompilerThread1" daemon [_thread_blocked, id=2952, stack(0x00000000137c0000,0x00000000138c0000)]
  0x00000000114ac000 JavaThread "C2 CompilerThread0" daemon [_thread_blocked, id=6668, stack(0x00000000136c0000,0x00000000137c0000)]
  0x00000000114a9000 JavaThread "Attach Listener" daemon [_thread_blocked, id=2052, stack(0x00000000135c0000,0x00000000136c0000)]
  0x00000000114a4000 JavaThread "Signal Dispatcher" daemon [_thread_blocked, id=3844, stack(0x00000000134c0000,0x00000000135c0000)]
  0x000000001143e000 JavaThread "Finalizer" daemon [_thread_blocked, id=6224, stack(0x00000000133c0000,0x00000000134c0000)]
  0x0000000011436800 JavaThread "Reference Handler" daemon [_thread_blocked, id=1104, stack(0x00000000132c0000,0x00000000133c0000)]

Other Threads:
  0x0000000011431800 VMThread [stack: 0x00000000131c0000,0x00000000132c0000] [id=3396]
  0x00000000114d0800 WatcherThread [stack: 0x00000000139c0000,0x0000000013ac0000] [id=1824]

VM state:not at safepoint (normal execution)

VM Mutex/Monitor currently owned by a thread: None

Heap
 PSYoungGen      total 152896K, used 44567K [0x00000007aaab0000, 0x00000007b5550000, 0x0000000800000000)
  eden space 131072K, 34% used [0x00000007aaab0000,0x00000007ad635ef8,0x00000007b2ab0000)
  from space 21824K, 0% used [0x00000007b4000000,0x00000007b4000000,0x00000007b5550000)
  to   space 21824K, 0% used [0x00000007b2ab0000,0x00000007b2ab0000,0x00000007b4000000)
 ParOldGen       total 349568K, used 0K [0x0000000700000000, 0x0000000715560000, 0x00000007aaab0000)
  object space 349568K, 0% used [0x0000000700000000,0x0000000700000000,0x0000000715560000)
 PSPermGen       total 21248K, used 17748K [0x00000006fae00000, 0x00000006fc2c0000, 0x0000000700000000)
  object space 21248K, 83% used [0x00000006fae00000,0x00000006fbf55098,0x00000006fc2c0000)

Card table byte_map: [0x0000000005a10000,0x0000000006240000] byte_map_base: 0x0000000002239000

Polling page: 0x0000000002760000

Code Cache  [0x0000000002950000, 0x0000000002bc0000, 0x0000000005950000)
 total_blobs=777 nmethods=74 adapters=654 free_code_cache=48364Kb largest_free_block=49503296

Compilation events (10 events):
Event: 1.939 Thread 0x00000000114ac000   69             java.util.ArrayList::ensureCapacityInternal (26 bytes)
Event: 1.940 Thread 0x00000000114ac000 nmethod 69 0x0000000002a12f50 code [0x0000000002a130a0, 0x0000000002a13148]
Event: 1.945 Thread 0x00000000114b1000   70             sun.awt.AppContext::getAppContext (59 bytes)
Event: 1.947 Thread 0x00000000114b1000 nmethod 70 0x0000000002a16850 code [0x0000000002a169c0, 0x0000000002a16ad8]
Event: 1.949 Thread 0x00000000114ac000   71   !         sun.awt.AppContext::get (121 bytes)
Event: 1.950 Thread 0x00000000114b1000   72             java.util.AbstractList::<init> (10 bytes)
Event: 1.950 Thread 0x00000000114b1000 nmethod 72 0x0000000002a16410 code [0x0000000002a16540, 0x0000000002a16598]
Event: 1.954 Thread 0x00000000114b1000   73             sun.font.CMap$CMapFormat4::getGlyph (186 bytes)
Event: 1.956 Thread 0x00000000114ac000 nmethod 71 0x0000000002a17490 code [0x0000000002a17600, 0x0000000002a17e88]
Event: 1.957 Thread 0x00000000114b1000 nmethod 73 0x0000000002a16c10 code [0x0000000002a16d60, 0x0000000002a170f8]

GC Heap History (0 events):
No events

Deoptimization events (9 events):
Event: 0.687 Thread 0x000000000294e000 Uncommon trap -83 fr.pc 0x00000000029dfa38
Event: 0.716 Thread 0x00000000188da800 Uncommon trap -34 fr.pc 0x00000000029c1c10
Event: 0.716 Thread 0x00000000188da800 Uncommon trap -34 fr.pc 0x00000000029c1c10
Event: 0.716 Thread 0x00000000188da800 Uncommon trap -34 fr.pc 0x00000000029c1c10
Event: 0.716 Thread 0x00000000188da800 Uncommon trap -34 fr.pc 0x00000000029c1c10
Event: 1.944 Thread 0x00000000188da800 Uncommon trap -34 fr.pc 0x0000000002a072b0
Event: 1.947 Thread 0x00000000188da800 Uncommon trap -34 fr.pc 0x0000000002a072b0
Event: 1.949 Thread 0x00000000188da800 Uncommon trap -34 fr.pc 0x0000000002a072b0
Event: 1.956 Thread 0x00000000188da800 Uncommon trap -34 fr.pc 0x0000000002a072b0

Internal exceptions (10 events):
Event: 1.932 Thread 0x00000000188da800 Threw 0x00000007ac9e9e20 at C:\jdk7u2_64p\jdk7u17\hotspot\src\share\vm\prims\jvm.cpp:1166
Event: 1.934 Thread 0x00000000188da800 Threw 0x00000007aca4a910 at C:\jdk7u2_64p\jdk7u17\hotspot\src\share\vm\prims\jvm.cpp:1166
Event: 1.934 Thread 0x00000000188da800 Threw 0x00000007aca74578 at C:\jdk7u2_64p\jdk7u17\hotspot\src\share\vm\prims\jvm.cpp:1166
Event: 1.940 Thread 0x00000000188da800 Threw 0x00000007acbe9578 at C:\jdk7u2_64p\jdk7u17\hotspot\src\share\vm\prims\jvm.cpp:1166
Event: 1.940 Thread 0x00000000188da800 Threw 0x00000007acbed9c0 at C:\jdk7u2_64p\jdk7u17\hotspot\src\share\vm\prims\jvm.cpp:1166
Event: 1.940 Thread 0x00000000188da800 Threw 0x00000007acbef6e0 at C:\jdk7u2_64p\jdk7u17\hotspot\src\share\vm\prims\jvm.cpp:1166
Event: 1.941 Thread 0x00000000188da800 Threw 0x00000007acbf1310 at C:\jdk7u2_64p\jdk7u17\hotspot\src\share\vm\prims\jvm.cpp:1166
Event: 1.942 Thread 0x00000000188da800 Threw 0x00000007acbf3be0 at C:\jdk7u2_64p\jdk7u17\hotspot\src\share\vm\prims\jvm.cpp:1166
Event: 1.942 Thread 0x00000000188da800 Threw 0x00000007acbf6418 at C:\jdk7u2_64p\jdk7u17\hotspot\src\share\vm\prims\jvm.cpp:1166
Event: 1.944 Thread 0x0000000018aaf800 Threw 0x00000007ad117c40 at C:\jdk7u2_64p\jdk7u17\hotspot\src\share\vm\prims\jvm.cpp:1166

Events (10 events):
Event: 1.945 loading class 0x0000000013c00440
Event: 1.945 loading class 0x0000000013c00440 done
Event: 1.946 loading class 0x0000000013be5af0
Event: 1.947 loading class 0x0000000013be5af0 done
Event: 1.947 Thread 0x00000000188da800 DEOPT PACKING pc=0x0000000002a072b0 sp=0x000000001916dd30
Event: 1.947 Thread 0x00000000188da800 DEOPT UNPACKING pc=0x0000000002989164 sp=0x000000001916dce8 mode 2
Event: 1.949 Thread 0x00000000188da800 DEOPT PACKING pc=0x0000000002a072b0 sp=0x000000001916d240
Event: 1.949 Thread 0x00000000188da800 DEOPT UNPACKING pc=0x0000000002989164 sp=0x000000001916d1f8 mode 2
Event: 1.956 Thread 0x00000000188da800 DEOPT PACKING pc=0x0000000002a072b0 sp=0x000000001916dd30
Event: 1.956 Thread 0x00000000188da800 DEOPT UNPACKING pc=0x0000000002989164 sp=0x000000001916dce8 mode 2


Dynamic libraries:
0x000007f7047d0000 - 0x000007f704803000 	C:\Program Files\Java\jre7\bin\javaw.exe
0x000007fa82270000 - 0x000007fa8242e000 	C:\Windows\SYSTEM32\ntdll.dll
0x000007fa81e10000 - 0x000007fa81f46000 	C:\Windows\system32\KERNEL32.DLL
0x000007fa7f320000 - 0x000007fa7f413000 	C:\Windows\system32\KERNELBASE.dll
0x000007fa81f50000 - 0x000007fa8202e000 	C:\Windows\system32\ADVAPI32.dll
0x000007fa81280000 - 0x000007fa813cc000 	C:\Windows\system32\USER32.dll
0x000007fa7cc00000 - 0x000007fa7ce69000 	C:\Windows\WinSxS\amd64_microsoft.windows.common-controls_6595b64144ccf1df_6.0.9200.16384_none_418c2a697189c07f\COMCTL32.dll
0x000007fa80d20000 - 0x000007fa80dc5000 	C:\Windows\system32\msvcrt.dll
0x000007fa80cd0000 - 0x000007fa80d18000 	C:\Windows\SYSTEM32\sechost.dll
0x000007fa81b00000 - 0x000007fa81c40000 	C:\Windows\system32\RPCRT4.dll
0x000007fa7f850000 - 0x000007fa7f990000 	C:\Windows\system32\GDI32.dll
0x000007fa7f700000 - 0x000007fa7f739000 	C:\Windows\system32\IMM32.DLL
0x000007fa80dd0000 - 0x000007fa80ee5000 	C:\Windows\system32\MSCTF.dll
0x000000005a710000 - 0x000000005a7e1000 	C:\Program Files\Java\jre7\bin\msvcr100.dll
0x0000000059ff0000 - 0x000000005a70f000 	C:\Program Files\Java\jre7\bin\server\jvm.dll
0x000007fa7b200000 - 0x000007fa7b209000 	C:\Windows\SYSTEM32\WSOCK32.dll
0x000007fa79940000 - 0x000007fa79960000 	C:\Windows\SYSTEM32\WINMM.dll
0x000007fa7f6e0000 - 0x000007fa7f6e7000 	C:\Windows\system32\PSAPI.DLL
0x000007fa7f740000 - 0x000007fa7f798000 	C:\Windows\system32\WS2_32.dll
0x000007fa79900000 - 0x000007fa79932000 	C:\Windows\SYSTEM32\WINMMBASE.dll
0x000007fa80ef0000 - 0x000007fa80ef9000 	C:\Windows\system32\NSI.dll
0x0000000059fe0000 - 0x0000000059fef000 	C:\Program Files\Java\jre7\bin\verify.dll
0x0000000059fb0000 - 0x0000000059fd8000 	C:\Program Files\Java\jre7\bin\java.dll
0x0000000059f90000 - 0x0000000059fa5000 	C:\Program Files\Java\jre7\bin\zip.dll
0x0000000059bf0000 - 0x0000000059d83000 	C:\Program Files\Java\jre7\bin\awt.dll
0x000007fa81860000 - 0x000007fa81923000 	C:\Windows\system32\OLEAUT32.dll
0x000007fa813d0000 - 0x000007fa81580000 	C:\Windows\system32\combase.dll
0x000007fa7b210000 - 0x000007fa7b2af000 	C:\Windows\system32\apphelp.dll
0x000007fa7e030000 - 0x000007fa7e113000 	C:\Windows\system32\uxtheme.dll
0x000007fa7d6a0000 - 0x000007fa7d6c1000 	C:\Windows\SYSTEM32\dwmapi.dll
0x000007fa80f00000 - 0x000007fa8107e000 	C:\Windows\system32\ole32.dll
0x000007fa7f0c0000 - 0x000007fa7f0ca000 	C:\Windows\SYSTEM32\CRYPTBASE.dll
0x000007fa7f060000 - 0x000007fa7f0bc000 	C:\Windows\SYSTEM32\bcryptPrimitives.dll
0x000007fa7f9e0000 - 0x000007fa80cc8000 	C:\Windows\system32\SHELL32.dll
0x000007fa7f990000 - 0x000007fa7f9e0000 	C:\Windows\system32\SHLWAPI.dll
0x000007fa7d5c0000 - 0x000007fa7d656000 	C:\Windows\SYSTEM32\shcore.dll
0x000007fa67ef0000 - 0x000007fa680f0000 	C:\Windows\system32\d3d9.dll
0x000007fa7ae20000 - 0x000007fa7ae29000 	C:\Windows\SYSTEM32\VERSION.dll
0x000007fa7ae30000 - 0x000007fa7af4e000 	C:\Windows\SYSTEM32\aticfx64.dll
0x000007fa71900000 - 0x000007fa7191f000 	C:\Windows\SYSTEM32\atiu9p64.dll
0x000007fa67850000 - 0x000007fa67ee8000 	C:\Windows\SYSTEM32\atiumd64.dll
0x000000005a7f0000 - 0x000000005acda000 	C:\Windows\SYSTEM32\atiumd6a.dll
0x0000000059bb0000 - 0x0000000059be4000 	C:\Program Files\Java\jre7\bin\fontmanager.dll
0x0000000059f70000 - 0x0000000059f89000 	C:\Program Files\Java\jre7\bin\net.dll
0x000007fa7ead0000 - 0x000007fa7eb2c000 	C:\Windows\system32\mswsock.dll
0x0000000059f50000 - 0x0000000059f61000 	C:\Program Files\Java\jre7\bin\nio.dll
0x0000000059b60000 - 0x0000000059ba1000 	C:\Program Files\Java\jre7\bin\t2k.dll
0x000007fa81580000 - 0x000007fa81616000 	C:\Windows\SYSTEM32\clbcatq.dll
0x000007fa7d1c0000 - 0x000007fa7d34a000 	C:\Windows\SYSTEM32\WindowsCodecs.dll
0x000007fa7f1a0000 - 0x000007fa7f1b5000 	C:\Windows\SYSTEM32\profapi.dll
0x0000000014fd0000 - 0x000000001502a000 	C:\Users\Erik\Documents\GitHub\Simulated-ecosystem\lib\jogl-1.1.1-windows-amd64\lib\jogl.dll
0x000007fa62290000 - 0x000007fa623af000 	C:\Windows\SYSTEM32\OPENGL32.dll
0x000000005b0c0000 - 0x000000005b189000 	C:\Windows\WinSxS\amd64_microsoft.vc80.crt_1fc8b3b9a1e18e3b_8.0.50727.6910_none_88dc8c812fb1ba3f\MSVCR80.dll
0x000007fa73970000 - 0x000007fa7399c000 	C:\Windows\SYSTEM32\GLU32.dll
0x000007fa621a0000 - 0x000007fa6228a000 	C:\Windows\SYSTEM32\DDRAW.dll
0x000007fa769f0000 - 0x000007fa769f8000 	C:\Windows\SYSTEM32\DCIMAN32.dll
0x0000000059b50000 - 0x0000000059b57000 	C:\Program Files\Java\jre7\bin\jawt.dll
0x0000000015040000 - 0x0000000015047000 	C:\Users\Erik\Documents\GitHub\Simulated-ecosystem\lib\jogl-1.1.1-windows-amd64\lib\jogl_awt.dll
0x000007fa75510000 - 0x000007fa75519000 	C:\Windows\SYSTEM32\atig6pxx.dll
0x0000000058460000 - 0x0000000059b43000 	C:\Windows\SYSTEM32\atio6axx.dll
0x000007fa81c40000 - 0x000007fa81e10000 	C:\Windows\system32\SETUPAPI.dll
0x000007fa7f690000 - 0x000007fa7f6df000 	C:\Windows\system32\CFGMGR32.dll
0x000007fa7f660000 - 0x000007fa7f682000 	C:\Windows\system32\DEVOBJ.dll
0x000007fa7c6b0000 - 0x000007fa7c756000 	C:\Windows\SYSTEM32\atiadlxx.dll
0x000007fa7e860000 - 0x000007fa7e87f000 	C:\Windows\SYSTEM32\USERENV.dll
0x000007fa7e580000 - 0x000007fa7e591000 	C:\Windows\SYSTEM32\WTSAPI32.dll
0x000007fa7c680000 - 0x000007fa7c6aa000 	C:\Windows\SYSTEM32\IPHLPAPI.DLL
0x000007fa7c670000 - 0x000007fa7c67a000 	C:\Windows\SYSTEM32\WINNSI.DLL
0x000007fa7f420000 - 0x000007fa7f475000 	C:\Windows\system32\WINTRUST.dll
0x000007fa7f480000 - 0x000007fa7f657000 	C:\Windows\system32\CRYPT32.dll
0x000007fa7f250000 - 0x000007fa7f266000 	C:\Windows\system32\MSASN1.dll
0x000007fa74160000 - 0x000007fa7416e000 	C:\Windows\SYSTEM32\atig6txx.dll
0x0000000180000000 - 0x0000000180050000 	C:\Users\Erik\Documents\GitHub\Simulated-ecosystem\lib\lwjgl-2.8.5\native\windows\lwjgl64.dll
0x000007fa73470000 - 0x000007fa73483000 	C:\Windows\SYSTEM32\OpenCL.dll
0x000007fa60010000 - 0x000007fa62191000 	C:\Windows\SYSTEM32\amdocl64.dll
0x000007fa651e0000 - 0x000007fa65343000 	C:\Windows\SYSTEM32\dbghelp.dll

VM Arguments:
jvm_args: -Djava.library.path=lib/jogl-1.1.1-windows-amd64/lib;lib/aparapi_win64_86;lib\lwjgl-2.8.5\native\windows -Xms512m -Xmx4096m -Dfile.encoding=Cp1252 
java_command: chalmers.dax021308.ecosystem.main.EcosystemInitializer
Launcher Type: SUN_STANDARD

Environment Variables:
PATH=C:\Program Files (x86)\AMD APP\bin\x86_64;C:\Program Files (x86)\AMD APP\bin\x86;C:\Windows\system32;C:\Windows;C:\Windows\System32\Wbem;C:\Windows\System32\WindowsPowerShell\v1.0\;C:\Program Files (x86)\ATI Technologies\ATI.ACE\Core-Static;C:\Program Files (x86)\Microsoft SQL Server\100\Tools\Binn\;C:\Program Files\Microsoft SQL Server\100\Tools\Binn\;C:\Program Files\Microsoft SQL Server\100\DTS\Binn\;C:\Program Files\Java\jdk1.7.0_10\bin;C:\Program Files\Java\jdk1.7.0_10\;C:/Program Files/Java/jdk1.7.0_17
USERNAME=Erik
OS=Windows_NT
PROCESSOR_IDENTIFIER=Intel64 Family 6 Model 30 Stepping 5, GenuineIntel



---------------  S Y S T E M  ---------------

OS: Windows 8 , 64 bit Build 9200 

CPU:total 8 (4 cores per cpu, 2 threads per core) family 6 model 30 stepping 5, cmov, cx8, fxsr, mmx, sse, sse2, sse3, ssse3, sse4.1, sse4.2, popcnt, ht, tsc, tscinvbit

Memory: 4k page, physical 8379820k(5357432k free), swap 8904108k(4456156k free)

vm_info: Java HotSpot(TM) 64-Bit Server VM (23.7-b01) for windows-amd64 JRE (1.7.0_17-b02), built on Mar  1 2013 03:38:30 by "java_re" with unknown MS VC++:1600

time: Mon Apr 01 00:45:53 2013
elapsed time: 1 seconds

